\BOOKMARK [1][-]{section.1}{\376\377\000W\000e\000e\000k\000\040\0001\000:\000\040\000R\000e\000s\000e\000a\000r\000c\000h\000\040\000\046\000\040\000S\000e\000t\000u\000p}{}% 1
\BOOKMARK [2][-]{subsection.1.1}{\376\377\000R\000e\000s\000e\000a\000r\000c\000h\000\040\000P\000h\000a\000s\000e}{section.1}% 2
\BOOKMARK [2][-]{subsection.1.2}{\376\377\000E\000S\000P\000-\000N\000O\000W\000\040\000P\000r\000o\000t\000o\000c\000o\000l\000\040\000L\000e\000a\000r\000n\000i\000n\000g}{section.1}% 3
\BOOKMARK [2][-]{subsection.1.3}{\376\377\000H\000a\000r\000d\000w\000a\000r\000e\000\040\000S\000e\000t\000u\000p}{section.1}% 4
\BOOKMARK [2][-]{subsection.1.4}{\376\377\000P\000r\000o\000j\000e\000c\000t\000\040\000A\000r\000c\000h\000i\000t\000e\000c\000t\000u\000r\000e\000\040\000P\000l\000a\000n}{section.1}% 5
\BOOKMARK [2][-]{subsection.1.5}{\376\377\000S\000y\000s\000t\000e\000m\000\040\000D\000e\000s\000i\000g\000n\000\040\000S\000p\000e\000c\000i\000f\000i\000c\000a\000t\000i\000o\000n\000s}{section.1}% 6
\BOOKMARK [3][-]{subsubsection.1.5.1}{\376\377\000N\000e\000t\000w\000o\000r\000k\000\040\000T\000o\000p\000o\000l\000o\000g\000y}{subsection.1.5}% 7
\BOOKMARK [3][-]{subsubsection.1.5.2}{\376\377\000M\000a\000p\000p\000i\000n\000g\000\040\000A\000r\000e\000a\000\040\000D\000e\000s\000i\000g\000n}{subsection.1.5}% 8
\BOOKMARK [3][-]{subsubsection.1.5.3}{\376\377\000D\000a\000t\000a\000\040\000F\000l\000o\000w\000\040\000A\000r\000c\000h\000i\000t\000e\000c\000t\000u\000r\000e}{subsection.1.5}% 9
\BOOKMARK [2][-]{subsection.1.6}{\376\377\000W\000e\000e\000k\000\040\0001\000\040\000D\000e\000l\000i\000v\000e\000r\000a\000b\000l\000e\000s}{section.1}% 10
\BOOKMARK [2][-]{subsection.1.7}{\376\377\000C\000h\000a\000l\000l\000e\000n\000g\000e\000s\000\040\000a\000n\000d\000\040\000S\000o\000l\000u\000t\000i\000o\000n\000s}{section.1}% 11
\BOOKMARK [1][-]{section.2}{\376\377\000W\000e\000e\000k\000\040\0002\000:\000\040\000C\000o\000r\000e\000\040\000M\000o\000d\000u\000l\000e\000\040\000D\000e\000v\000e\000l\000o\000p\000m\000e\000n\000t}{}% 12
\BOOKMARK [2][-]{subsection.2.1}{\376\377\000O\000b\000j\000e\000c\000t\000i\000v\000e}{section.2}% 13
\BOOKMARK [2][-]{subsection.2.2}{\376\377\000I\000m\000p\000l\000e\000m\000e\000n\000t\000a\000t\000i\000o\000n\000\040\000O\000v\000e\000r\000v\000i\000e\000w}{section.2}% 14
\BOOKMARK [2][-]{subsection.2.3}{\376\377\000U\000l\000t\000r\000a\000s\000o\000n\000i\000c\000\040\000S\000e\000n\000s\000o\000r\000\040\000I\000n\000t\000e\000g\000r\000a\000t\000i\000o\000n}{section.2}% 15
\BOOKMARK [3][-]{subsubsection.2.3.1}{\376\377\000H\000a\000r\000d\000w\000a\000r\000e\000\040\000C\000o\000n\000n\000e\000c\000t\000i\000o\000n}{subsection.2.3}% 16
\BOOKMARK [3][-]{subsubsection.2.3.2}{\376\377\000S\000e\000n\000s\000o\000r\000\040\000R\000e\000a\000d\000i\000n\000g\000\040\000C\000o\000d\000e}{subsection.2.3}% 17
\BOOKMARK [2][-]{subsection.2.4}{\376\377\000E\000S\000P\000-\000N\000O\000W\000\040\000B\000r\000o\000a\000d\000c\000a\000s\000t\000i\000n\000g\000\040\000I\000m\000p\000l\000e\000m\000e\000n\000t\000a\000t\000i\000o\000n}{section.2}% 18
\BOOKMARK [3][-]{subsubsection.2.4.1}{\376\377\000P\000r\000o\000t\000o\000c\000o\000l\000\040\000I\000n\000i\000t\000i\000a\000l\000i\000z\000a\000t\000i\000o\000n}{subsection.2.4}% 19
\BOOKMARK [3][-]{subsubsection.2.4.2}{\376\377\000D\000a\000t\000a\000\040\000S\000t\000r\000u\000c\000t\000u\000r\000e\000\040\000D\000e\000s\000i\000g\000n}{subsection.2.4}% 20
\BOOKMARK [2][-]{subsection.2.5}{\376\377\000M\000a\000i\000n\000\040\000P\000r\000o\000g\000r\000a\000m\000\040\000L\000o\000g\000i\000c}{section.2}% 21
\BOOKMARK [2][-]{subsection.2.6}{\376\377\000T\000e\000s\000t\000i\000n\000g\000\040\000a\000n\000d\000\040\000V\000a\000l\000i\000d\000a\000t\000i\000o\000n}{section.2}% 22
\BOOKMARK [3][-]{subsubsection.2.6.1}{\376\377\000T\000e\000s\000t\000\040\000C\000a\000s\000e\000s}{subsection.2.6}% 23
\BOOKMARK [3][-]{subsubsection.2.6.2}{\376\377\000O\000b\000s\000e\000r\000v\000e\000d\000\040\000B\000e\000h\000a\000v\000i\000o\000r}{subsection.2.6}% 24
\BOOKMARK [2][-]{subsection.2.7}{\376\377\000W\000e\000e\000k\000\040\0002\000\040\000D\000e\000l\000i\000v\000e\000r\000a\000b\000l\000e\000s}{section.2}% 25
\BOOKMARK [2][-]{subsection.2.8}{\376\377\000C\000h\000a\000l\000l\000e\000n\000g\000e\000s\000\040\000a\000n\000d\000\040\000S\000o\000l\000u\000t\000i\000o\000n\000s}{section.2}% 26
\BOOKMARK [1][-]{section.3}{\376\377\000W\000e\000e\000k\000\040\0003\000:\000\040\000I\000n\000t\000e\000g\000r\000a\000t\000i\000o\000n}{}% 27
\BOOKMARK [2][-]{subsection.3.1}{\376\377\000O\000b\000j\000e\000c\000t\000i\000v\000e}{section.3}% 28
\BOOKMARK [2][-]{subsection.3.2}{\376\377\000I\000m\000p\000l\000e\000m\000e\000n\000t\000a\000t\000i\000o\000n\000\040\000O\000v\000e\000r\000v\000i\000e\000w}{section.3}% 29
\BOOKMARK [2][-]{subsection.3.3}{\376\377\000D\000a\000t\000a\000\040\000R\000e\000c\000e\000p\000t\000i\000o\000n\000\040\000M\000o\000d\000u\000l\000e}{section.3}% 30
\BOOKMARK [3][-]{subsubsection.3.3.1}{\376\377\000R\000e\000c\000e\000i\000v\000e\000r\000\040\000C\000a\000l\000l\000b\000a\000c\000k\000\040\000F\000u\000n\000c\000t\000i\000o\000n}{subsection.3.3}% 31
\BOOKMARK [2][-]{subsection.3.4}{\376\377\000I\000n\000t\000e\000r\000n\000a\000l\000\040\000M\000a\000p\000\040\000I\000m\000p\000l\000e\000m\000e\000n\000t\000a\000t\000i\000o\000n}{section.3}% 32
\BOOKMARK [3][-]{subsubsection.3.4.1}{\376\377\000M\000a\000p\000\040\000D\000a\000t\000a\000\040\000S\000t\000r\000u\000c\000t\000u\000r\000e}{subsection.3.4}% 33
\BOOKMARK [3][-]{subsubsection.3.4.2}{\376\377\000M\000a\000p\000\040\000U\000p\000d\000a\000t\000e\000\040\000L\000o\000g\000i\000c}{subsection.3.4}% 34
\BOOKMARK [2][-]{subsection.3.5}{\376\377\000R\000e\000-\000B\000r\000o\000a\000d\000c\000a\000s\000t\000i\000n\000g\000\040\000L\000o\000g\000i\000c}{section.3}% 35
\BOOKMARK [3][-]{subsubsection.3.5.1}{\376\377\000S\000e\000l\000e\000c\000t\000i\000v\000e\000\040\000R\000e\000-\000B\000r\000o\000a\000d\000c\000a\000s\000t\000i\000n\000g}{subsection.3.5}% 36
\BOOKMARK [2][-]{subsection.3.6}{\376\377\000M\000u\000l\000t\000i\000-\000R\000o\000b\000o\000t\000\040\000C\000o\000o\000r\000d\000i\000n\000a\000t\000i\000o\000n}{section.3}% 37
\BOOKMARK [3][-]{subsubsection.3.6.1}{\376\377\000S\000e\000c\000o\000n\000d\000\040\000R\000o\000b\000o\000t\000\040\000M\000a\000i\000n\000\040\000P\000r\000o\000g\000r\000a\000m}{subsection.3.6}% 38
\BOOKMARK [2][-]{subsection.3.7}{\376\377\000C\000o\000m\000m\000u\000n\000i\000c\000a\000t\000i\000o\000n\000\040\000P\000r\000o\000t\000o\000c\000o\000l}{section.3}% 39
\BOOKMARK [3][-]{subsubsection.3.7.1}{\376\377\000M\000e\000s\000s\000a\000g\000e\000\040\000F\000o\000r\000m\000a\000t}{subsection.3.7}% 40
\BOOKMARK [3][-]{subsubsection.3.7.2}{\376\377\000C\000o\000l\000l\000i\000s\000i\000o\000n\000\040\000A\000v\000o\000i\000d\000a\000n\000c\000e}{subsection.3.7}% 41
\BOOKMARK [2][-]{subsection.3.8}{\376\377\000T\000e\000s\000t\000i\000n\000g\000\040\000M\000u\000l\000t\000i\000-\000R\000o\000b\000o\000t\000\040\000S\000y\000s\000t\000e\000m}{section.3}% 42
\BOOKMARK [3][-]{subsubsection.3.8.1}{\376\377\000I\000n\000t\000e\000g\000r\000a\000t\000i\000o\000n\000\040\000T\000e\000s\000t\000\040\000S\000c\000e\000n\000a\000r\000i\000o\000s}{subsection.3.8}% 43
\BOOKMARK [3][-]{subsubsection.3.8.2}{\376\377\000M\000a\000p\000\040\000C\000o\000n\000s\000i\000s\000t\000e\000n\000c\000y\000\040\000V\000e\000r\000i\000f\000i\000c\000a\000t\000i\000o\000n}{subsection.3.8}% 44
\BOOKMARK [2][-]{subsection.3.9}{\376\377\000W\000e\000e\000k\000\040\0003\000\040\000D\000e\000l\000i\000v\000e\000r\000a\000b\000l\000e\000s}{section.3}% 45
\BOOKMARK [2][-]{subsection.3.10}{\376\377\000C\000h\000a\000l\000l\000e\000n\000g\000e\000s\000\040\000a\000n\000d\000\040\000S\000o\000l\000u\000t\000i\000o\000n\000s}{section.3}% 46
\BOOKMARK [1][-]{section.4}{\376\377\000W\000e\000e\000k\000\040\0004\000:\000\040\000E\000n\000h\000a\000n\000c\000e\000m\000e\000n\000t}{}% 47
\BOOKMARK [2][-]{subsection.4.1}{\376\377\000O\000b\000j\000e\000c\000t\000i\000v\000e}{section.4}% 48
\BOOKMARK [2][-]{subsection.4.2}{\376\377\000I\000m\000p\000l\000e\000m\000e\000n\000t\000a\000t\000i\000o\000n\000\040\000O\000v\000e\000r\000v\000i\000e\000w}{section.4}% 49
\BOOKMARK [2][-]{subsection.4.3}{\376\377\000A\000l\000g\000o\000r\000i\000t\000h\000m\000\040\000S\000e\000l\000e\000c\000t\000i\000o\000n}{section.4}% 50
\BOOKMARK [3][-]{subsubsection.4.3.1}{\376\377\000C\000h\000o\000s\000e\000n\000\040\000A\000p\000p\000r\000o\000a\000c\000h}{subsection.4.3}% 51
\BOOKMARK [2][-]{subsection.4.4}{\376\377\000P\000o\000s\000i\000t\000i\000o\000n\000\040\000T\000r\000a\000c\000k\000i\000n\000g\000\040\000S\000y\000s\000t\000e\000m}{section.4}% 52
\BOOKMARK [3][-]{subsubsection.4.4.1}{\376\377\000C\000o\000l\000o\000r\000-\000B\000a\000s\000e\000d\000\040\000L\000o\000c\000a\000l\000i\000z\000a\000t\000i\000o\000n}{subsection.4.4}% 53
\BOOKMARK [3][-]{subsubsection.4.4.2}{\376\377\000P\000o\000s\000i\000t\000i\000o\000n\000\040\000B\000r\000o\000a\000d\000c\000a\000s\000t\000i\000n\000g}{subsection.4.4}% 54
\BOOKMARK [2][-]{subsection.4.5}{\376\377\000C\000o\000o\000r\000d\000i\000n\000a\000t\000i\000o\000n\000\040\000A\000l\000g\000o\000r\000i\000t\000h\000m\000\040\000I\000m\000p\000l\000e\000m\000e\000n\000t\000a\000t\000i\000o\000n}{section.4}% 55
\BOOKMARK [3][-]{subsubsection.4.5.1}{\376\377\000L\000e\000a\000d\000e\000r\000-\000F\000o\000l\000l\000o\000w\000e\000r\000\040\000L\000o\000g\000i\000c\000\040\000\050\000i\000f\000\040\000a\000p\000p\000l\000i\000c\000a\000b\000l\000e\000\051}{subsection.4.5}% 56
\BOOKMARK [3][-]{subsubsection.4.5.2}{\376\377\000S\000w\000a\000r\000m\000\040\000B\000e\000h\000a\000v\000i\000o\000r\000\040\000L\000o\000g\000i\000c\000\040\000\050\000i\000f\000\040\000a\000p\000p\000l\000i\000c\000a\000b\000l\000e\000\051}{subsection.4.5}% 57
\BOOKMARK [2][-]{subsection.4.6}{\376\377\000M\000o\000t\000o\000r\000\040\000C\000o\000n\000t\000r\000o\000l\000\040\000I\000n\000t\000e\000g\000r\000a\000t\000i\000o\000n}{section.4}% 58
\BOOKMARK [3][-]{subsubsection.4.6.1}{\376\377\000M\000o\000v\000e\000m\000e\000n\000t\000\040\000C\000o\000n\000t\000r\000o\000l\000\040\000S\000y\000s\000t\000e\000m}{subsection.4.6}% 59
\BOOKMARK [2][-]{subsection.4.7}{\376\377\000F\000o\000r\000m\000a\000t\000i\000o\000n\000\040\000M\000a\000i\000n\000t\000e\000n\000a\000n\000c\000e}{section.4}% 60
\BOOKMARK [3][-]{subsubsection.4.7.1}{\376\377\000D\000i\000s\000t\000a\000n\000c\000e\000\040\000C\000a\000l\000c\000u\000l\000a\000t\000i\000o\000n}{subsection.4.7}% 61
\BOOKMARK [3][-]{subsubsection.4.7.2}{\376\377\000A\000d\000j\000u\000s\000t\000m\000e\000n\000t\000\040\000S\000t\000r\000a\000t\000e\000g\000y}{subsection.4.7}% 62
\BOOKMARK [2][-]{subsection.4.8}{\376\377\000M\000a\000s\000t\000e\000r\000\040\000N\000o\000d\000e\000\040\000C\000o\000o\000r\000d\000i\000n\000a\000t\000i\000o\000n}{section.4}% 63
\BOOKMARK [2][-]{subsection.4.9}{\376\377\000T\000e\000s\000t\000i\000n\000g\000\040\000C\000o\000o\000r\000d\000i\000n\000a\000t\000i\000o\000n\000\040\000S\000y\000s\000t\000e\000m}{section.4}% 64
\BOOKMARK [3][-]{subsubsection.4.9.1}{\376\377\000F\000o\000r\000m\000a\000t\000i\000o\000n\000\040\000T\000e\000s\000t\000\040\000S\000c\000e\000n\000a\000r\000i\000o\000s}{subsection.4.9}% 65
\BOOKMARK [3][-]{subsubsection.4.9.2}{\376\377\000P\000e\000r\000f\000o\000r\000m\000a\000n\000c\000e\000\040\000M\000e\000t\000r\000i\000c\000s}{subsection.4.9}% 66
\BOOKMARK [2][-]{subsection.4.10}{\376\377\000W\000e\000e\000k\000\040\0004\000\040\000D\000e\000l\000i\000v\000e\000r\000a\000b\000l\000e\000s}{section.4}% 67
\BOOKMARK [2][-]{subsection.4.11}{\376\377\000C\000h\000a\000l\000l\000e\000n\000g\000e\000s\000\040\000a\000n\000d\000\040\000S\000o\000l\000u\000t\000i\000o\000n\000s}{section.4}% 68
\BOOKMARK [1][-]{section.5}{\376\377\000W\000e\000e\000k\000\040\0005\000:\000\040\000F\000i\000n\000a\000l\000\040\000T\000e\000s\000t\000i\000n\000g\000\040\000\046\000\040\000D\000o\000c\000u\000m\000e\000n\000t\000a\000t\000i\000o\000n}{}% 69
\BOOKMARK [2][-]{subsection.5.1}{\376\377\000O\000b\000j\000e\000c\000t\000i\000v\000e}{section.5}% 70
\BOOKMARK [2][-]{subsection.5.2}{\376\377\000F\000i\000n\000a\000l\000\040\000S\000y\000s\000t\000e\000m\000\040\000I\000n\000t\000e\000g\000r\000a\000t\000i\000o\000n}{section.5}% 71
\BOOKMARK [2][-]{subsection.5.3}{\376\377\000C\000o\000m\000p\000r\000e\000h\000e\000n\000s\000i\000v\000e\000\040\000T\000e\000s\000t\000i\000n\000g}{section.5}% 72
\BOOKMARK [3][-]{subsubsection.5.3.1}{\376\377\000T\000e\000s\000t\000\040\000S\000c\000e\000n\000a\000r\000i\000o\000\040\0001\000:\000\040\000A\000r\000e\000a\000\040\000M\000a\000p\000p\000i\000n\000g}{subsection.5.3}% 73
\BOOKMARK [3][-]{subsubsection.5.3.2}{\376\377\000T\000e\000s\000t\000\040\000S\000c\000e\000n\000a\000r\000i\000o\000\040\0002\000:\000\040\000D\000y\000n\000a\000m\000i\000c\000\040\000O\000b\000s\000t\000a\000c\000l\000e\000\040\000A\000v\000o\000i\000d\000a\000n\000c\000e}{subsection.5.3}% 74
\BOOKMARK [3][-]{subsubsection.5.3.3}{\376\377\000T\000e\000s\000t\000\040\000S\000c\000e\000n\000a\000r\000i\000o\000\040\0003\000:\000\040\000C\000o\000o\000r\000d\000i\000n\000a\000t\000i\000o\000n\000\040\000U\000n\000d\000e\000r\000\040\000C\000o\000m\000m\000u\000n\000i\000c\000a\000t\000i\000o\000n\000\040\000S\000t\000r\000e\000s\000s}{subsection.5.3}% 75
\BOOKMARK [2][-]{subsection.5.4}{\376\377\000M\000e\000s\000h\000\040\000P\000r\000o\000t\000o\000c\000o\000l\000\040\000D\000o\000c\000u\000m\000e\000n\000t\000a\000t\000i\000o\000n}{section.5}% 76
\BOOKMARK [3][-]{subsubsection.5.4.1}{\376\377\000P\000r\000o\000t\000o\000c\000o\000l\000\040\000A\000r\000c\000h\000i\000t\000e\000c\000t\000u\000r\000e}{subsection.5.4}% 77
\BOOKMARK [3][-]{subsubsection.5.4.2}{\376\377\000M\000e\000s\000s\000a\000g\000e\000\040\000T\000y\000p\000e\000s\000\040\000a\000n\000d\000\040\000F\000o\000r\000m\000a\000t\000s}{subsection.5.4}% 78
\BOOKMARK [3][-]{subsubsection.5.4.3}{\376\377\000P\000r\000o\000t\000o\000c\000o\000l\000\040\000S\000t\000a\000t\000e\000\040\000M\000a\000c\000h\000i\000n\000e}{subsection.5.4}% 79
\BOOKMARK [3][-]{subsubsection.5.4.4}{\376\377\000E\000r\000r\000o\000r\000\040\000H\000a\000n\000d\000l\000i\000n\000g\000\040\000a\000n\000d\000\040\000R\000e\000c\000o\000v\000e\000r\000y}{subsection.5.4}% 80
\BOOKMARK [2][-]{subsection.5.5}{\376\377\000P\000e\000r\000f\000o\000r\000m\000a\000n\000c\000e\000\040\000A\000n\000a\000l\000y\000s\000i\000s}{section.5}% 81
\BOOKMARK [3][-]{subsubsection.5.5.1}{\376\377\000Q\000u\000a\000n\000t\000i\000t\000a\000t\000i\000v\000e\000\040\000M\000e\000t\000r\000i\000c\000s}{subsection.5.5}% 82
\BOOKMARK [3][-]{subsubsection.5.5.2}{\376\377\000Q\000u\000a\000l\000i\000t\000a\000t\000i\000v\000e\000\040\000A\000s\000s\000e\000s\000s\000m\000e\000n\000t}{subsection.5.5}% 83
\BOOKMARK [2][-]{subsection.5.6}{\376\377\000D\000e\000m\000o\000n\000s\000t\000r\000a\000t\000i\000o\000n\000\040\000R\000e\000s\000u\000l\000t\000s}{section.5}% 84
\BOOKMARK [3][-]{subsubsection.5.6.1}{\376\377\000V\000i\000d\000e\000o\000\040\000D\000o\000c\000u\000m\000e\000n\000t\000a\000t\000i\000o\000n}{subsection.5.6}% 85
\BOOKMARK [3][-]{subsubsection.5.6.2}{\376\377\000P\000h\000o\000t\000o\000g\000r\000a\000p\000h\000i\000c\000\040\000D\000o\000c\000u\000m\000e\000n\000t\000a\000t\000i\000o\000n}{subsection.5.6}% 86
\BOOKMARK [2][-]{subsection.5.7}{\376\377\000C\000o\000m\000p\000l\000e\000t\000e\000\040\000S\000y\000s\000t\000e\000m\000\040\000C\000o\000d\000e}{section.5}% 87
\BOOKMARK [2][-]{subsection.5.8}{\376\377\000P\000r\000o\000j\000e\000c\000t\000\040\000O\000u\000t\000c\000o\000m\000e\000s}{section.5}% 88
\BOOKMARK [3][-]{subsubsection.5.8.1}{\376\377\000A\000c\000h\000i\000e\000v\000e\000m\000e\000n\000t\000s}{subsection.5.8}% 89
\BOOKMARK [3][-]{subsubsection.5.8.2}{\376\377\000L\000i\000m\000i\000t\000a\000t\000i\000o\000n\000s}{subsection.5.8}% 90
\BOOKMARK [3][-]{subsubsection.5.8.3}{\376\377\000F\000u\000t\000u\000r\000e\000\040\000I\000m\000p\000r\000o\000v\000e\000m\000e\000n\000t\000s}{subsection.5.8}% 91
\BOOKMARK [2][-]{subsection.5.9}{\376\377\000L\000e\000s\000s\000o\000n\000s\000\040\000L\000e\000a\000r\000n\000e\000d}{section.5}% 92
\BOOKMARK [3][-]{subsubsection.5.9.1}{\376\377\000T\000e\000c\000h\000n\000i\000c\000a\000l\000\040\000I\000n\000s\000i\000g\000h\000t\000s}{subsection.5.9}% 93
\BOOKMARK [3][-]{subsubsection.5.9.2}{\376\377\000P\000r\000o\000j\000e\000c\000t\000\040\000M\000a\000n\000a\000g\000e\000m\000e\000n\000t}{subsection.5.9}% 94
\BOOKMARK [2][-]{subsection.5.10}{\376\377\000W\000e\000e\000k\000\040\0005\000\040\000D\000e\000l\000i\000v\000e\000r\000a\000b\000l\000e\000s}{section.5}% 95
\BOOKMARK [1][-]{section.6}{\376\377\000C\000o\000n\000c\000l\000u\000s\000i\000o\000n}{}% 96
\BOOKMARK [2][-]{subsection.6.1}{\376\377\000P\000r\000o\000j\000e\000c\000t\000\040\000S\000u\000m\000m\000a\000r\000y}{section.6}% 97
\BOOKMARK [2][-]{subsection.6.2}{\376\377\000T\000e\000c\000h\000n\000i\000c\000a\000l\000\040\000C\000o\000n\000t\000r\000i\000b\000u\000t\000i\000o\000n\000s}{section.6}% 98
\BOOKMARK [2][-]{subsection.6.3}{\376\377\000T\000e\000a\000m\000\040\000R\000e\000f\000l\000e\000c\000t\000i\000o\000n}{section.6}% 99
\BOOKMARK [2][-]{subsection.6.4}{\376\377\000A\000c\000k\000n\000o\000w\000l\000e\000d\000g\000m\000e\000n\000t\000s}{section.6}% 100
\BOOKMARK [1][-]{section.7}{\376\377\000R\000e\000f\000e\000r\000e\000n\000c\000e\000s}{}% 101
\BOOKMARK [1][-]{appendix.A}{\376\377\000C\000o\000m\000p\000l\000e\000t\000e\000\040\000S\000o\000u\000r\000c\000e\000\040\000C\000o\000d\000e}{}% 102
\BOOKMARK [1][-]{appendix.B}{\376\377\000C\000i\000r\000c\000u\000i\000t\000\040\000D\000i\000a\000g\000r\000a\000m\000s}{}% 103
\BOOKMARK [1][-]{appendix.C}{\376\377\000C\000o\000m\000p\000o\000n\000e\000n\000t\000\040\000S\000p\000e\000c\000i\000f\000i\000c\000a\000t\000i\000o\000n\000s}{}% 104
\BOOKMARK [1][-]{appendix.D}{\376\377\000A\000d\000d\000i\000t\000i\000o\000n\000a\000l\000\040\000T\000e\000s\000t\000\040\000R\000e\000s\000u\000l\000t\000s}{}% 105
